TN:
SF:C:\Users\Anton_Valuiev\Desktop\react\react-learn\src\api\callApi.ts
FN:4,(anonymous_1)
FN:6,callApi
FNF:2
FNH:1
FNDA:0,(anonymous_1)
FNDA:4,callApi
DA:1,1
DA:2,1
DA:4,1
DA:6,5
DA:7,4
LF:5
LH:5
BRDA:6,0,0,1
BRDA:6,0,1,3
BRDA:8,1,0,2
BRDA:8,1,1,2
BRF:4
BRH:4
end_of_record
TN:
SF:C:\Users\Anton_Valuiev\Desktop\react\react-learn\src\components\modals\CreateEditMovieModal.tsx
FN:43,(anonymous_9)
FN:47,(anonymous_10)
FN:72,(anonymous_11)
FN:73,(anonymous_12)
FN:77,(anonymous_13)
FNF:5
FNH:1
FNDA:3,(anonymous_9)
FNDA:0,(anonymous_10)
FNDA:0,(anonymous_11)
FNDA:0,(anonymous_12)
FNDA:0,(anonymous_13)
DA:1,1
DA:2,1
DA:4,1
DA:5,1
DA:6,1
DA:7,1
DA:8,1
DA:23,1
DA:33,1
DA:43,1
DA:44,3
DA:45,3
DA:47,3
DA:48,0
DA:53,0
DA:57,3
DA:72,0
DA:74,0
DA:75,0
DA:78,0
DA:99,1
LF:21
LH:15
BRDA:44,0,0,3
BRDA:44,0,1,2
BRDA:62,1,0,1
BRDA:62,1,1,2
BRDA:67,2,0,1
BRDA:67,2,1,2
BRF:6
BRH:6
end_of_record
TN:
SF:C:\Users\Anton_Valuiev\Desktop\react\react-learn\src\shared\components\button\Button.tsx
FN:19,(anonymous_2)
FN:20,(anonymous_3)
FN:25,(anonymous_4)
FN:28,(anonymous_5)
FN:79,(anonymous_6)
FNF:5
FNH:5
FNDA:3,(anonymous_2)
FNDA:3,(anonymous_3)
FNDA:3,(anonymous_4)
FNDA:3,(anonymous_5)
FNDA:3,(anonymous_6)
DA:1,1
DA:2,1
DA:3,1
DA:14,1
DA:19,3
DA:20,3
DA:25,3
DA:28,1
DA:30,3
DA:32,0
DA:33,0
DA:49,0
DA:50,0
DA:53,0
DA:54,0
DA:58,3
DA:59,3
DA:63,3
DA:79,1
DA:80,18
DA:82,3
DA:94,1
LF:22
LH:16
BRDA:14,0,0,1
BRDA:14,0,1,1
BRDA:19,1,0,3
BRDA:19,1,1,0
BRDA:20,2,0,0
BRDA:20,2,1,3
BRDA:31,3,0,0
BRDA:31,3,1,0
BRDA:31,3,2,0
BRDA:31,3,3,0
BRDA:31,3,4,3
BRDA:80,4,0,3
BRDA:80,4,1,0
BRF:13
BRH:6
end_of_record
TN:
SF:C:\Users\Anton_Valuiev\Desktop\react\react-learn\src\shared\components\footer\footer.tsx
FN:19,(anonymous_2)
FNF:1
FNH:1
FNDA:1,(anonymous_2)
DA:1,1
DA:2,1
DA:3,1
DA:4,1
DA:6,1
DA:19,1
DA:25,1
LF:7
LH:7
BRDA:6,0,0,1
BRDA:6,0,1,1
BRF:2
BRH:2
end_of_record
TN:
SF:C:\Users\Anton_Valuiev\Desktop\react\react-learn\src\shared\components\formGroup\formGroup.tsx
FN:103,(anonymous_5)
FN:106,(anonymous_6)
FN:108,(anonymous_7)
FN:137,(anonymous_8)
FNF:4
FNH:0
FNDA:0,(anonymous_5)
FNDA:0,(anonymous_6)
FNDA:0,(anonymous_7)
FNDA:0,(anonymous_8)
DA:1,1
DA:2,1
DA:3,1
DA:4,1
DA:6,1
DA:9,1
DA:47,1
DA:93,1
DA:103,1
DA:104,0
DA:106,0
DA:107,0
DA:108,0
DA:111,0
DA:116,0
DA:132,0
DA:137,0
DA:148,1
LF:18
LH:10
BRDA:9,0,0,1
BRDA:9,0,1,1
BRDA:47,1,0,1
BRDA:47,1,1,1
BRDA:108,2,0,0
BRDA:108,2,1,0
BRDA:108,3,0,0
BRDA:108,3,1,0
BRDA:108,4,0,0
BRDA:108,4,1,0
BRDA:112,5,0,0
BRDA:112,5,1,0
BRDA:112,5,2,0
BRDA:112,5,3,0
BRDA:112,5,4,0
BRDA:122,6,0,0
BRDA:122,6,1,0
BRDA:122,7,0,0
BRDA:122,7,1,0
BRDA:126,8,0,0
BRDA:126,8,1,0
BRDA:126,8,2,0
BRDA:141,9,0,0
BRDA:141,9,1,0
BRDA:141,9,2,0
BRF:25
BRH:4
end_of_record
TN:
SF:C:\Users\Anton_Valuiev\Desktop\react\react-learn\src\shared\components\logo\Logo.tsx
FN:16,(anonymous_2)
FNF:1
FNH:1
FNDA:1,(anonymous_2)
DA:1,1
DA:2,1
DA:3,1
DA:5,1
DA:16,1
DA:20,1
LF:6
LH:6
BRDA:5,0,0,1
BRDA:5,0,1,1
BRF:2
BRH:2
end_of_record
TN:
SF:C:\Users\Anton_Valuiev\Desktop\react\react-learn\src\shared\components\modal\ModalWindow.tsx
FN:8,(anonymous_8)
FN:73,(anonymous_9)
FNF:2
FNH:1
FNDA:0,(anonymous_8)
FNDA:3,(anonymous_9)
DA:1,1
DA:2,1
DA:3,1
DA:4,1
DA:5,1
DA:7,1
DA:8,0
DA:20,1
DA:73,3
DA:74,3
DA:90,1
LF:11
LH:10
BRDA:7,0,0,1
BRDA:7,0,1,1
BRDA:9,1,0,0
BRDA:9,1,1,0
BRDA:20,2,0,1
BRDA:20,2,1,1
BRDA:74,3,0,0
BRDA:74,3,1,3
BRF:8
BRH:5
end_of_record
TN:
SF:C:\Users\Anton_Valuiev\Desktop\react\react-learn\src\shared\components\select\reactSelect.tsx
FN:96,(anonymous_2)
FNF:1
FNH:0
FNDA:0,(anonymous_2)
DA:1,1
DA:2,1
DA:3,1
DA:4,1
DA:16,1
DA:96,1
DA:106,1
LF:7
LH:7
BRDA:16,0,0,1
BRDA:16,0,1,1
BRDA:96,1,0,0
BRDA:96,1,1,0
BRDA:98,2,0,0
BRDA:98,2,1,0
BRDA:102,3,0,0
BRDA:102,3,1,0
BRF:8
BRH:2
end_of_record
TN:
SF:C:\Users\Anton_Valuiev\Desktop\react\react-learn\src\shared\constants\constants.ts
FNF:0
FNH:0
DA:1,1
DA:6,1
LF:2
LH:2
BRDA:7,0,0,0
BRDA:7,0,1,1
BRF:2
BRH:1
end_of_record
TN:
SF:C:\Users\Anton_Valuiev\Desktop\react\react-learn\src\shared\hooks\useModal.tsx
FN:3,(anonymous_0)
FN:6,toggle
FNF:2
FNH:1
FNDA:3,(anonymous_0)
FNDA:0,toggle
DA:1,1
DA:3,1
DA:4,3
DA:7,0
DA:10,3
DA:16,1
LF:6
LH:5
BRF:0
BRH:0
end_of_record
TN:
SF:C:\Users\Anton_Valuiev\Desktop\react\react-learn\src\shared\styles\variables.styles.ts
FNF:0
FNH:0
DA:1,2
LF:1
LH:1
BRF:0
BRH:0
end_of_record
TN:
SF:C:\Users\Anton_Valuiev\Desktop\react\react-learn\src\shared\validation\movie-form.validation.ts
FN:3,(anonymous_0)
FN:11,(anonymous_1)
FN:17,(anonymous_2)
FN:20,(anonymous_3)
FN:26,(anonymous_4)
FNF:5
FNH:2
FNDA:1,(anonymous_0)
FNDA:1,(anonymous_1)
FNDA:0,(anonymous_2)
FNDA:0,(anonymous_3)
FNDA:0,(anonymous_4)
DA:3,1
DA:4,1
DA:5,1
DA:6,1
DA:7,1
DA:8,1
DA:11,1
DA:12,1
DA:13,1
DA:14,1
DA:17,1
DA:18,0
DA:20,0
DA:21,0
DA:22,0
DA:26,0
DA:27,0
DA:28,0
DA:32,0
DA:33,0
DA:36,0
LF:21
LH:11
BRDA:3,0,0,1
BRDA:3,0,1,1
BRDA:11,1,0,1
BRDA:11,1,1,1
BRDA:21,2,0,0
BRDA:21,2,1,0
BRDA:21,3,0,0
BRDA:21,3,1,0
BRDA:21,3,2,0
BRDA:27,4,0,0
BRDA:27,4,1,0
BRDA:32,5,0,0
BRDA:32,5,1,0
BRF:13
BRH:4
end_of_record
TN:
SF:C:\Users\Anton_Valuiev\Desktop\react\react-learn\src\store\movies\action.ts
FN:14,(anonymous_0)
FN:19,(anonymous_1)
FN:24,(anonymous_2)
FN:29,(anonymous_3)
FN:35,(anonymous_4)
FN:40,(anonymous_5)
FN:45,(anonymous_6)
FN:50,(anonymous_7)
FN:56,(anonymous_8)
FN:56,(anonymous_9)
FN:57,(anonymous_10)
FN:58,(anonymous_11)
FN:60,(anonymous_12)
FN:60,(anonymous_13)
FN:62,(anonymous_14)
FN:63,(anonymous_15)
FN:65,(anonymous_16)
FN:65,(anonymous_17)
FN:67,(anonymous_18)
FN:68,(anonymous_19)
FN:70,(anonymous_20)
FN:70,(anonymous_21)
FN:72,(anonymous_22)
FN:73,(anonymous_23)
FNF:24
FNH:16
FNDA:1,(anonymous_0)
FNDA:1,(anonymous_1)
FNDA:1,(anonymous_2)
FNDA:1,(anonymous_3)
FNDA:0,(anonymous_4)
FNDA:0,(anonymous_5)
FNDA:0,(anonymous_6)
FNDA:0,(anonymous_7)
FNDA:1,(anonymous_8)
FNDA:1,(anonymous_9)
FNDA:1,(anonymous_10)
FNDA:0,(anonymous_11)
FNDA:1,(anonymous_12)
FNDA:1,(anonymous_13)
FNDA:1,(anonymous_14)
FNDA:0,(anonymous_15)
FNDA:1,(anonymous_16)
FNDA:1,(anonymous_17)
FNDA:1,(anonymous_18)
FNDA:0,(anonymous_19)
FNDA:1,(anonymous_20)
FNDA:1,(anonymous_21)
FNDA:1,(anonymous_22)
FNDA:0,(anonymous_23)
DA:1,1
DA:14,1
DA:19,1
DA:24,1
DA:29,1
DA:35,1
DA:40,1
DA:45,1
DA:50,1
DA:56,1
DA:57,1
DA:58,0
DA:60,1
DA:61,1
DA:62,1
DA:63,0
DA:65,1
DA:66,1
DA:67,1
DA:68,0
DA:70,1
DA:71,1
DA:72,1
DA:73,0
LF:24
LH:20
BRF:0
BRH:0
end_of_record
TN:
SF:C:\Users\Anton_Valuiev\Desktop\react\react-learn\src\store\movies\reducer.ts
FN:34,(anonymous_3)
FN:91,(anonymous_4)
FN:92,(anonymous_5)
FN:95,(anonymous_6)
FN:96,(anonymous_7)
FN:103,(anonymous_8)
FN:109,(anonymous_9)
FN:109,(anonymous_10)
FN:112,(anonymous_11)
FN:113,(anonymous_12)
FN:116,(anonymous_13)
FN:117,(anonymous_14)
FNF:12
FNH:7
FNDA:5,(anonymous_3)
FNDA:2,(anonymous_4)
FNDA:1,(anonymous_5)
FNDA:2,(anonymous_6)
FNDA:1,(anonymous_7)
FNDA:0,(anonymous_8)
FNDA:0,(anonymous_9)
FNDA:0,(anonymous_10)
FNDA:0,(anonymous_11)
FNDA:0,(anonymous_12)
FNDA:1,(anonymous_13)
FNDA:1,(anonymous_14)
DA:3,1
DA:28,1
DA:34,1
DA:35,6
DA:38,5
DA:40,1
DA:47,1
DA:54,1
DA:61,1
DA:68,0
DA:74,0
DA:80,0
DA:87,1
DA:91,1
DA:92,2
DA:95,1
DA:96,2
DA:97,1
DA:103,1
DA:104,0
DA:105,0
DA:108,0
DA:109,0
DA:112,1
DA:113,0
DA:116,1
DA:117,1
DA:120,1
LF:28
LH:20
BRDA:35,0,0,1
BRDA:35,0,1,4
BRDA:39,1,0,1
BRDA:39,1,1,1
BRDA:39,1,2,1
BRDA:39,1,3,1
BRDA:39,1,4,0
BRDA:39,1,5,0
BRDA:39,1,6,0
BRDA:39,1,7,1
BRDA:98,2,0,1
BRDA:98,2,1,0
BRDA:104,3,0,0
BRDA:104,3,1,0
BRDA:113,4,0,0
BRDA:113,4,1,0
BRF:16
BRH:8
end_of_record
TN:
SF:C:\Users\Anton_Valuiev\Desktop\react\react-learn\src\store\movies\types.ts
FNF:0
FNH:0
DA:1,2
DA:2,2
DA:3,2
DA:4,2
DA:5,2
DA:6,2
DA:7,2
DA:8,2
LF:8
LH:8
BRF:0
BRH:0
end_of_record
